<?xml version="1.0" encoding="utf-8"?><testsuites name="pytest tests"><testsuite name="pytest" errors="0" failures="1" skipped="0" tests="1" time="9.275" timestamp="2026-03-25T10:58:49.247550+05:30" hostname="Sayaa"><testcase classname="tests.ui.Register.TC_RF_007_test" name="test_navigate_to_register_page[chromium]" time="9.051"><failure message="playwright._impl._errors.Error: Locator.click: Error: strict mode violation: locator(&quot;a:has-text(\&quot;Login\&quot;)&quot;) resolved to 3 elements:&#10;    1) &lt;a href=&quot;https://opencart.abstracta.us:443/index.php?route=account/login&quot;&gt;Login&lt;/a&gt; aka locator(&quot;#top-links&quot;).get_by_role(&quot;link&quot;, name=&quot;Login&quot;)&#10;    2) &lt;a href=&quot;https://opencart.abstracta.us:443/index.php?route=account/login&quot;&gt;login page&lt;/a&gt; aka get_by_role(&quot;link&quot;, name=&quot;login page&quot;)&#10;    3) &lt;a class=&quot;list-group-item&quot; href=&quot;https://opencart.abstracta.us:443/index.php?route=account/login&quot;&gt;Login&lt;/a&gt; aka locator(&quot;#column-right&quot;).get_by_role(&quot;link&quot;, name=&quot;Login&quot;)&#10;&#10;Call log:&#10;  - waiting for locator(&quot;a:has-text(\&quot;Login\&quot;)&quot;)">page = &lt;Page url='https://opencart.abstracta.us/index.php?route=account/register'&gt;

    @pytest.mark.sanity
    @pytest.mark.regression
    def test_navigate_to_register_page(page: Page):
        """
        Validate different ways of navigating to 'Register Account' page
        """
        home_page = HomePage(page)
    
        # 1. Open the Application (Handled by fixture above)
    
        # 2. Click on 'My Account' Drop menu
        home_page.click_my_account()
    
        # 3. Click on 'Register' option (ER-1)
        home_page.click_register()
        expect(page).to_have_title("Register Account")
    
        # 4. Click on 'My Account' Drop menu
        home_page.click_my_account()
    
        # 5. Click on 'Login' option
&gt;       home_page.click_login()

tests\ui\Register\TC_RF_007_test.py:49: 
_ _ _ _ _ _ _ _ _ _ _ _ _ _ _ _ _ _ _ _ _ _ _ _ _ _ _ _ _ _ _ _ _ _ _ _ _ _ _ _
pages\home_page.py:40: in click_login
    self.lnk_login.click()
C:\Users\chine\AppData\Roaming\Python\Python313\site-packages\playwright\sync_api\_generated.py:15631: in click
    self._sync(
C:\Users\chine\AppData\Roaming\Python\Python313\site-packages\playwright\_impl\_locator.py:162: in click
    return await self._frame._click(self._selector, strict=True, **params)
           ^^^^^^^^^^^^^^^^^^^^^^^^^^^^^^^^^^^^^^^^^^^^^^^^^^^^^^^^^^^^^^^
C:\Users\chine\AppData\Roaming\Python\Python313\site-packages\playwright\_impl\_frame.py:566: in _click
    await self._channel.send("click", self._timeout, locals_to_params(locals()))
C:\Users\chine\AppData\Roaming\Python\Python313\site-packages\playwright\_impl\_connection.py:69: in send
    return await self._connection.wrap_api_call(
_ _ _ _ _ _ _ _ _ _ _ _ _ _ _ _ _ _ _ _ _ _ _ _ _ _ _ _ _ _ _ _ _ _ _ _ _ _ _ _

self = &lt;playwright._impl._connection.Connection object at 0x000001D201F72120&gt;
cb = &lt;function Channel.send.&lt;locals&gt;.&lt;lambda&gt; at 0x000001D201FA47C0&gt;
is_internal = False, title = None

    async def wrap_api_call(
        self, cb: Callable[[], Any], is_internal: bool = False, title: str = None
    ) -&gt; Any:
        if self._api_zone.get():
            return await cb()
        task = asyncio.current_task(self._loop)
        st: List[inspect.FrameInfo] = getattr(
            task, "__pw_stack__", None
        ) or inspect.stack(0)
    
        parsed_st = _extract_stack_trace_information_from_stack(st, is_internal, title)
        self._api_zone.set(parsed_st)
        try:
            return await cb()
        except Exception as error:
&gt;           raise rewrite_error(error, f"{parsed_st['apiName']}: {error}") from None
E           playwright._impl._errors.Error: Locator.click: Error: strict mode violation: locator("a:has-text(\"Login\")") resolved to 3 elements:
E               1) &lt;a href="https://opencart.abstracta.us:443/index.php?route=account/login"&gt;Login&lt;/a&gt; aka locator("#top-links").get_by_role("link", name="Login")
E               2) &lt;a href="https://opencart.abstracta.us:443/index.php?route=account/login"&gt;login page&lt;/a&gt; aka get_by_role("link", name="login page")
E               3) &lt;a class="list-group-item" href="https://opencart.abstracta.us:443/index.php?route=account/login"&gt;Login&lt;/a&gt; aka locator("#column-right").get_by_role("link", name="Login")
E           
E           Call log:
E             - waiting for locator("a:has-text(\"Login\")")

C:\Users\chine\AppData\Roaming\Python\Python313\site-packages\playwright\_impl\_connection.py:559: Error</failure></testcase></testsuite></testsuites>